<?xml version="1.0" encoding="UTF-8"?>
<Site BuildName="Linux-g++"
	BuildStamp="20230611-1212-Experimental"
	Name="desktop1"
	Generator="ctest-3.25.1"
	CompilerName="/usr/bin/g++"
	CompilerVersion="12.2.0"
	OSName="Linux"
	Hostname="desktop1"
	OSRelease="6.2.0-20-generic"
	OSVersion="#20-Ubuntu SMP PREEMPT_DYNAMIC Thu Apr  6 07:48:48 UTC 2023"
	OSPlatform="x86_64"
	Is64Bits="1"
	VendorString="AuthenticAMD"
	VendorID="Advanced Micro Devices"
	FamilyID="25"
	ModelID="33"
	ProcessorCacheSize="512"
	NumberOfLogicalCPU="24"
	NumberOfPhysicalCPU="12"
	TotalVirtualMemory="2047"
	TotalPhysicalMemory="31999"
	LogicalProcessorsPerPhysical="2"
	ProcessorClockFrequency="3639.12"
	>
	<Testing>
		<StartDateTime>Jun 11 23:27 CEST</StartDateTime>
		<StartTestTime>1686518832</StartTestTime>
		<TestList/>
		<EndDateTime>Jun 11 23:27 CEST</EndDateTime>
		<EndTestTime>1686518832</EndTestTime>
		<ElapsedMinutes>0</ElapsedMinutes>
	</Testing>
</Site>
